<?xml version="1.0" encoding="UTF-8"?>
<testng-results ignored="0" total="2" passed="2" failed="0" skipped="0">
  <reporter-output>
  </reporter-output>
  <suite started-at="2021-11-12T16:19:19 IST" name="Suite" finished-at="2021-11-12T16:21:07 IST" duration-ms="107900">
    <groups>
    </groups>
    <test started-at="2021-11-12T16:19:19 IST" name="Test" finished-at="2021-11-12T16:21:07 IST" duration-ms="107900">
      <class name="practice.FlightBookingWithCurrentDateTest">
        <test-method signature="flightBook()[pri:0, instance:practice.FlightBookingWithCurrentDateTest@2f8dad04]" started-at="2021-11-12T16:19:19 IST" name="flightBook" finished-at="2021-11-12T16:20:26 IST" duration-ms="66592" status="PASS">
          <reporter-output>
          </reporter-output>
        </test-method> <!-- flightBook -->
      </class> <!-- practice.FlightBookingWithCurrentDateTest -->
      <class name="practice.FlightBookonJan20Test">
        <test-method signature="bookTicket()[pri:0, instance:practice.FlightBookonJan20Test@10163d6]" started-at="2021-11-12T16:20:26 IST" name="bookTicket" finished-at="2021-11-12T16:21:07 IST" duration-ms="41200" status="PASS">
          <reporter-output>
          </reporter-output>
        </test-method> <!-- bookTicket -->
      </class> <!-- practice.FlightBookonJan20Test -->
    </test> <!-- Test -->
  </suite> <!-- Suite -->
</testng-results>
